d:\meshexample\meshexample\meshexample\debug\vc120.pdb
d:\meshexample\meshexample\meshexample\debug\vc120.idb
d:\meshexample\meshexample\meshexample\debug\main.obj
d:\meshexample\meshexample\meshexample\debug\mesh.obj
d:\meshexample\meshexample\meshexample\debug\meshexample.exe.embed.manifest
d:\meshexample\meshexample\meshexample\debug\meshexample.exe.intermediate.manifest
d:\meshexample\meshexample\meshexample\debug\meshexample.exe.embed.manifest.res
d:\meshexample\meshexample\meshexample\debug\vc80.idb
d:\meshexample\meshexample\meshexample\debug\vc80.pdb
d:\meshexample\meshexample\debug\meshexample.pdb
d:\meshexample\meshexample\meshexample\debug\meshexample.tlog\cl.command.1.tlog
d:\meshexample\meshexample\meshexample\debug\meshexample.tlog\cl.read.1.tlog
d:\meshexample\meshexample\meshexample\debug\meshexample.tlog\cl.write.1.tlog
d:\meshexample\meshexample\meshexample\debug\meshexample.tlog\link-cvtres.read.1.tlog
d:\meshexample\meshexample\meshexample\debug\meshexample.tlog\link-cvtres.write.1.tlog
d:\meshexample\meshexample\meshexample\debug\meshexample.tlog\link-rc.read.1.tlog
d:\meshexample\meshexample\meshexample\debug\meshexample.tlog\link-rc.write.1.tlog
d:\meshexample\meshexample\meshexample\debug\meshexample.tlog\link.command.1.tlog
d:\meshexample\meshexample\meshexample\debug\meshexample.tlog\link.read.1.tlog
d:\meshexample\meshexample\meshexample\debug\meshexample.tlog\link.write.1.tlog
